6.925746837539994427e-01 6.039365142230006256e-02 -1.202770116790020721e-03 6.131997572880008157e-02 7.808407802013309345e-04 9.884712363537012485e-04 2.892276288039163576e-02
3.392981549300001731e+00 6.049608303209995375e-02 -6.933777251543986721e-04 6.122923554690001130e-02 -3.410182939478006775e-04 2.185057987842342880e-03 2.912695055249815007e-02
6.093449462650002424e+00 6.037562128790006227e-02 -9.059297669395080825e-04 6.094091630380012864e-02 -7.012119727049014126e-04 2.444154490662000753e-04 3.267831390280252074e-02
8.793790496379989108e+00 6.095540950689997545e-02 -6.246341377523316734e-04 5.991351572069999326e-02 -2.609842154972395940e-04 1.018469805581409884e-03 2.854284092940793591e-02
1.149404125370000074e+01 6.200727435649998343e-02 -1.085157049013150314e-03 5.927331169099998159e-02 -3.859014516402010041e-04 -5.192329315809997379e-04 3.180646017525851077e-02
1.419326347209999462e+01 6.346173043859992813e-02 -1.398103055421898123e-03 5.756466909569998847e-02 -3.524652206062997692e-04 2.544691955859984664e-04 2.945154169289680018e-02
1.689220919980001412e+01 6.505123780640001407e-02 -1.745436899375831788e-03 5.514597699630000016e-02 1.676428810613993670e-04 -2.264553647809981589e-04 3.552542403895237594e-02
1.959158230620000296e+01 6.761873849029996497e-02 -1.608534923718599229e-03 4.964308466220005572e-02 -1.454879870650004525e-04 -4.007419533772978203e-04 3.196687664577795712e-02
2.229012326130000687e+01 7.044621360859995574e-02 -2.247684963994470847e-03 4.223783555690001357e-02 -8.228954767489011276e-04 4.815523560742320029e-04 3.236537952200902596e-02
2.498803738760000215e+01 7.336720837119992122e-02 -3.209158957540699224e-03 3.057603267536500996e-02 -1.641072904327796388e-03 -5.363537283415826488e-05 2.456093615620827744e-02
2.768651155620002768e+01 7.535954073899998884e-02 -3.303138196956823414e-03 1.585000117885319859e-02 -2.986120951248298541e-03 4.614235298180155675e-05 1.906539342139228210e-02
3.038412133649998381e+01 7.617537065979994304e-02 -3.597378213931198745e-03 -1.515567440457279156e-03 -4.454047440292001683e-03 3.867746906369801617e-04 4.497358265935807141e-03
3.308132987400000502e+01 7.511781060520003606e-02 -3.976333967093200958e-03 -1.861424887143607945e-02 -6.118993548230086850e-03 7.963742216570880586e-04 -5.830338344108502990e-03
3.577924538839999968e+01 7.328296174369995641e-02 -3.754073424798801302e-03 -3.278820233535992973e-02 -6.925992551321192431e-03 1.863822432978098041e-03 -1.812684358020873188e-02
3.847723203150002291e+01 7.081624538699984872e-02 -3.437229035840913983e-03 -4.334349847710002729e-02 -5.763155578397577070e-03 1.757164302625899245e-03 -2.504278402137609383e-02
4.117530676580003046e+01 6.850431236010001701e-02 -2.311904309282601308e-03 -5.038870931899997602e-02 -5.261895186508899411e-03 1.849060012213598649e-03 -2.689499167550131464e-02
4.387417621899996334e+01 6.610925129710011616e-02 -1.882540411589901522e-03 -5.526917747600006148e-02 -4.390360759841998618e-03 5.100298257577019680e-04 -3.284830076939249804e-02
4.657295727759994719e+01 6.437563549380004302e-02 -1.268186202741699220e-03 -5.836805281190005773e-02 -3.622476511787994270e-03 6.545854726968789892e-04 -3.428760775676793077e-02
4.927250916110001100e+01 6.351275588370004777e-02 -7.718560876790601022e-04 -6.036633785909998468e-02 -2.641589105880399677e-03 -7.600902686093313331e-04 -3.571072684255701540e-02
5.197168916479994039e+01 6.238952027920003501e-02 -6.070523591455209006e-04 -6.141639720389998475e-02 -2.732703664440215476e-03 -8.754457409815003107e-04 -3.507610002433908525e-02
5.467127409099991553e+01 6.169287959270003396e-02 -8.141883393000325398e-06 -6.194039370280005757e-02 -3.114029755301403381e-03 -1.312039814960894862e-03 -3.684731849015537158e-02
5.737116611290000634e+01 6.189586063109989850e-02 -5.886414515566988160e-04 -6.209117871890002666e-02 -1.617302567390600581e-03 -9.745485756458983472e-04 -3.556019347162032301e-02
6.006977781020000862e+01 6.169524554809992928e-02 -9.113762612711997536e-04 -6.251323741939997236e-02 -2.858283245046900831e-03 -2.027213827358009780e-04 -4.021808767902732701e-02
6.276995038469999599e+01 6.173485224159998286e-02 -1.352228830618460538e-03 -6.235612421770000274e-02 -2.136797709102197709e-03 -4.422015654689000880e-04 -3.436534895511211135e-02
6.546979215839996868e+01 6.135796081999999457e-02 -1.489263626135598666e-03 -6.283971445099997832e-02 -2.033258940538300048e-03 3.819897775059999628e-04 -4.025030842762183925e-02
6.816930514109998285e+01 6.161347378400004043e-02 -1.397420321154001091e-03 -6.232178896240003763e-02 -2.047055395936899901e-03 1.801315948312799979e-03 -3.446256745717399261e-02
7.086928109069995685e+01 6.152531379069996198e-02 -1.257129589747299882e-03 -6.281082738180007730e-02 -1.134318527969199438e-03 1.689350171564002207e-03 -4.068685311207095867e-02
7.356980973610009755e+01 6.182782052869992273e-02 -6.689803263847764192e-04 -6.291515317429999254e-02 -8.143270505168593567e-04 1.424942526043101012e-03 -3.640032580932800466e-02
7.627043956130005142e+01 6.135525800249999606e-02 -4.721000530099080236e-04 -6.353494219239995411e-02 3.537168164569989186e-04 -7.587064704825986772e-04 -3.954833547431422375e-02
7.897085205699988819e+01 6.113154203409996296e-02 -3.199610752089008560e-04 -6.327803749309998671e-02 8.469415978294006020e-04 -2.283983635824901257e-03 -3.673726678748782948e-02
8.167170139969994125e+01 6.084096104559991169e-02 -3.185932118546801108e-04 -6.367750332680004177e-02 8.524978778402994952e-04 -1.027865415118295843e-03 -4.014830069289597458e-02
8.437217114310004717e+01 6.120376670069996305e-02 -6.919774536525423762e-04 -6.335183580919998003e-02 2.160222014369996078e-04 8.339082967919004760e-04 -3.787879979437614592e-02
8.707321691239990002e+01 6.121511465129998719e-02 -1.934637892729006723e-04 -6.332217448450003228e-02 6.356536972261988888e-04 1.407982433866100712e-03 -4.121749107463901218e-02
8.977431513680004116e+01 6.123440613910006991e-02 3.679285499933693747e-04 -6.317193108839994076e-02 1.188439447602938556e-03 6.331654959608996143e-04 -3.874811046972460177e-02
9.247549700380004367e+01 6.078140841959990548e-02 8.893292898211991671e-04 -6.308091451460004495e-02 1.206692200847699244e-03 -2.276554159191502072e-03 -4.026881084996002114e-02
9.517672539880004479e+01 6.032336476849995549e-02 9.597224256676003271e-04 -6.242444452829996882e-02 1.618172597251799636e-03 -2.494318854383002423e-03 -3.783477119126185673e-02
9.787849445820003780e+01 5.994959455270006121e-02 1.369466195040350146e-03 -6.289953620959996827e-02 1.378999790939001470e-03 -1.692028048535800314e-03 -4.116760573753291269e-02
1.005800551629999688e+02 6.065905779560008121e-02 1.483751288123260660e-03 -6.313318278130002070e-02 1.788845668630431032e-03 -2.789658852650000499e-03 -3.881378519214476880e-02
1.032818769050000043e+02 6.098993321849989491e-02 1.771780675169288026e-03 -6.361032705699995460e-02 1.326720956884499137e-03 -1.061978855932599200e-03 -4.348340504905998105e-02
1.059833628579999356e+02 6.106487700330010676e-02 1.567532365951402381e-03 -6.385587938980004374e-02 2.375418023028199807e-03 -4.590693320305976152e-04 -4.136428006272125507e-02
1.086846877049998739e+02 6.037003095889998533e-02 1.932669396806061023e-03 -6.412174556239995382e-02 2.118532687657697072e-03 5.480591143132023963e-04 -4.265491771300497503e-02
1.113857386909999576e+02 6.051076377359998482e-02 1.499451036688241373e-03 -6.368091160059999312e-02 1.408133231813199059e-03 -1.543273296216680478e-03 -3.792079071660701961e-02
1.140876725429999539e+02 5.992969293089994015e-02 9.198176203006798186e-04 -6.331640492050004398e-02 1.672151077712930901e-03 -9.654246070037004416e-04 -4.014625422440299546e-02
1.167884395929999783e+02 5.997019173619994731e-02 6.998729497121295058e-04 -6.311773502440001793e-02 1.521989335130098436e-03 1.214473844182401485e-03 -3.632962725086949507e-02
1.194900971339999955e+02 6.010668175859994883e-02 7.296400772231397078e-04 -6.297919810420003761e-02 1.007221169821729146e-03 2.903132736812199469e-03 -3.748501469417924586e-02
1.221904499079998914e+02 6.009130406290001669e-02 1.129736473695000217e-03 -6.264601625349995595e-02 1.985381286710002566e-03 2.234319763877303227e-03 -3.446625884329589107e-02
1.248918214769998798e+02 5.978414429639997835e-02 1.412617465745880357e-03 -6.238935570630003979e-02 1.952870943898097483e-03 1.673528100782818804e-03 -3.517156476902508211e-02
1.275927555290000868e+02 6.079233912479993507e-02 1.703298225531542018e-03 -6.167026432649999612e-02 1.546230057512479805e-03 -3.883797447889916592e-05 -3.368529433687151436e-02
1.302939171820001150e+02 6.226810087850007114e-02 1.719736585832259577e-03 -6.046820812309996324e-02 1.888690093718933165e-03 2.576374135857984892e-04 -3.535444118948505299e-02
1.329948176509998063e+02 6.351469778829998969e-02 1.510026081438597435e-03 -5.904391887320001309e-02 2.072916447403500700e-03 -2.363875916018997236e-04 -3.518528513904694427e-02
1.356954657260000374e+02 6.499575168459997832e-02 1.782419923220917831e-03 -5.644367165509998896e-02 1.040777634760151667e-03 -7.498626300379995389e-04 -3.179381304238588363e-02
1.383957239090000826e+02 6.730223396139992098e-02 1.735988747065697222e-03 -5.205060099180000566e-02 4.612166257815698703e-04 -4.034960748394805742e-04 -3.019412685064976412e-02
1.410953810399999213e+02 7.021786506949996565e-02 1.826473522943699310e-03 -4.466058669369998152e-02 -1.202779996510899146e-03 -6.026657783008996985e-04 -2.893518997430900158e-02
1.437941101160000130e+02 7.326853161920002244e-02 1.831860333352000993e-03 -3.272097405042004303e-02 -3.963539174294202633e-03 -1.018397332391000453e-03 -2.285360278097299178e-02
1.464925650109998116e+02 7.150287247359997378e-02 1.806941538279093666e-03 -1.237371122626220420e-02 5.484795562739798978e-03 -1.416432092281200497e-03 -2.735572420491498308e-03
1.491915637999997841e+02 7.150432770179994402e-02 1.761147577362699550e-03 6.645306552169710258e-03 -1.091027523044601696e-02 -1.708524489153002068e-03 -2.276830056065000385e-03
1.518893572050000955e+02 7.037862648789997011e-02 1.714956727572097524e-03 2.434613620915699467e-02 -2.118815342498772333e-02 -1.098599137528099168e-03 -1.107674429971898045e-03
1.545894083639999508e+02 6.843515857950008274e-02 1.570672644152495620e-03 3.865566325328997910e-02 -2.778683671065699384e-02 8.052675580879995604e-04 -1.757668194744398549e-03
1.572882570590000455e+02 6.601281102299999537e-02 7.796392218775700760e-04 4.846429776380004051e-02 -2.840804409814818438e-02 -3.763990582080017043e-04 5.085925870332999935e-04
1.599892659269997353e+02 6.410315290350002138e-02 6.829190346607709287e-04 5.464669739909995549e-02 -2.813244859759510622e-02 -7.501534394230216908e-05 4.172049913284998565e-03
1.626891234020001491e+02 6.270243803189999576e-02 2.944877709767853039e-04 5.779176500399998972e-02 -2.559785557895096278e-02 7.946950587780972916e-04 6.566815092292193137e-03
1.653902440160001959e+02 6.201763366879996936e-02 3.736327140857008790e-04 5.974613405399996358e-02 -2.413574494763233436e-02 3.145331285242117594e-04 7.199610164201235459e-03
1.680908529199997474e+02 6.099997577290000583e-02 2.404363744072112211e-04 6.103122462310012208e-02 -2.218976141916920164e-02 5.565702349678024229e-04 9.595033653031600357e-03
1.707925338629999601e+02 6.037965483920001986e-02 3.950877590104260369e-04 6.169957451139992943e-02 -2.031172352536898471e-02 -2.094909648018696263e-03 9.980215579959293010e-03
1.734936746800001117e+02 6.003729947960002172e-02 4.440950468909995834e-04 6.171307325610000949e-02 -2.095681084171871142e-02 -1.273327580245000364e-03 9.119864087941582931e-03
1.761957319199999290e+02 6.004978344000001800e-02 6.349384881971901779e-04 6.184884919480005544e-02 -2.159031436271561036e-02 -1.277691877943722566e-03 1.028405392352201193e-02
1.788976723170000582e+02 5.989250536140003356e-02 7.062919271700003393e-04 6.234674518160009116e-02 -1.930496538633131101e-02 5.422330530290142146e-05 7.827192866965008641e-03
1.816001187729999913e+02 5.966958542080007949e-02 8.182890613785004114e-04 6.229237104250003737e-02 -2.132076239952061802e-02 -1.810704070541899798e-03 8.016029973293700012e-03
1.843018964669998070e+02 5.953800165070002870e-02 1.023202780640399944e-03 6.259329992420002708e-02 -1.948483268247069161e-02 -5.536890474472492586e-04 8.672117896275201646e-03
1.870038267409998411e+02 5.962623849119999542e-02 1.188860836253819364e-03 6.220563926600004845e-02 -2.334736886768069494e-02 -1.240389347278799629e-03 9.362205353612314956e-03
1.897055461240001364e+02 5.932443127360000762e-02 1.241402165035410208e-03 6.240256804200003393e-02 -2.052715458167926263e-02 -1.848656657965373545e-03 1.027460251368700339e-02
1.924079800849999344e+02 5.916109367660010027e-02 1.229627224941999119e-03 6.203358371689998013e-02 -2.281632597974919338e-02 5.284388082360012362e-04 1.003004735588860358e-02
1.951089125080000599e+02 5.895905722320002318e-02 1.383963566212399873e-03 6.218164426280003293e-02 -1.952635403239601219e-02 1.105922713127018388e-04 1.171086561131791208e-02
1.978110897110004487e+02 5.890326275970008546e-02 1.165756735872619347e-03 6.188938342779996826e-02 -2.193066659917692132e-02 2.119033080268016502e-04 1.037551640972271018e-02
2.005122543460001339e+02 5.868332429829996311e-02 1.131659745019209873e-03 6.162122707649999448e-02 -1.915109147138954748e-02 -1.193220612740597672e-03 9.754632639560091578e-03
2.032138885140002458e+02 5.805835217539994514e-02 8.134829806986589203e-04 6.179549035120001504e-02 -1.991431142296366114e-02 -2.377606496698500028e-03 7.558974204988456319e-03
2.059145599490002496e+02 5.752014977950001273e-02 4.861567108167599025e-04 6.147133018630001472e-02 -1.725993724264031012e-02 -2.418735375822899259e-03 8.042464026842608901e-03
2.086152902799999538e+02 5.767242442959998744e-02 -1.855555487740983829e-04 6.133425860329995427e-02 -1.702899292865276901e-02 -2.207818132371994234e-04 9.526732660076496495e-03
2.113164004709997528e+02 5.771022609999997000e-02 -8.791674452813221571e-04 6.082770815360000194e-02 -1.742594206607777849e-02 3.369452426870796951e-04 1.068790140804750342e-02
2.140169810839998661e+02 5.821323003239994853e-02 -9.779472381613800013e-04 6.092470283529992370e-02 -1.825766944556881169e-02 5.226561961415004259e-04 9.559157451391483637e-03
2.167177471009996736e+02 5.880206856720007758e-02 -1.232372930740810403e-03 6.081394082340001173e-02 -1.953299156944799872e-02 -1.504505048534999752e-03 8.746273523075300677e-03
2.194175328620002290e+02 5.901460254009996409e-02 -9.809799505246302384e-04 6.074485098290008378e-02 -1.897342644907478934e-02 -1.456429969082643746e-03 9.425805969725004063e-03
2.221181810510000219e+02 5.901247569360008882e-02 -1.216031684532399961e-03 6.048071912199997485e-02 -1.976514040046199738e-02 -2.023538766255491422e-03 9.159417977641396216e-03
2.248189197729999762e+02 5.851637556449999084e-02 -1.160322240890177469e-03 6.059343042390009232e-02 -1.720018715314149821e-02 -4.967663823312019021e-04 7.526601212495999914e-03
2.275193505379999408e+02 5.822763583150002142e-02 -1.252850939653270355e-03 6.054505569420007977e-02 -1.858534047101841058e-02 -5.930931022459009225e-04 8.060306212419892161e-03
2.302196584319997896e+02 5.843278712550010329e-02 -9.684448286485493546e-04 6.058971728559998937e-02 -1.664358283467400751e-02 3.494091474412597915e-04 8.244550084221015374e-03
2.329201354999996738e+02 5.883115439470004704e-02 -5.809417266454022354e-04 6.036328797860000123e-02 -1.774979066669499575e-02 7.259366123145995740e-04 7.598469206364199223e-03
2.356200386729997547e+02 5.913496887749995767e-02 -5.891496601401002104e-04 6.052358384569999500e-02 -1.758758057050630041e-02 5.475591261410061488e-04 9.288962203573529128e-03
2.383206757359997141e+02 5.932809500139999553e-02 -6.178769098409324714e-04 6.087528084870005157e-02 -1.859535802811650845e-02 -1.439334348329797527e-03 8.290619799941988458e-03
2.410210337429999186e+02 5.994459866860004510e-02 -1.052817215843398655e-03 6.092199115119997094e-02 -1.951205253061740960e-02 5.751093632607010052e-04 6.815574395642587727e-03
2.437212607279997201e+02 6.012009234100004068e-02 -1.308859601954300315e-03 6.134815763310000336e-02 -1.853102669452798973e-02 -2.497230157689995307e-04 6.392704240757310710e-03
2.464223302440000225e+02 5.990045555219992990e-02 -1.549436612607872589e-03 6.071515740480002560e-02 -1.821071374230860337e-02 1.567176772912299036e-03 7.065307670903997125e-03
2.491220253209998248e+02 5.977799659080004768e-02 -1.855234422345171516e-03 6.074267777790000322e-02 -1.846152211208852353e-02 9.298299092855002654e-04 7.399945683511607343e-03
2.518226645600002485e+02 5.971805327529999818e-02 -1.471867263901599542e-03 6.059813098620004529e-02 -1.909421952254169649e-02 6.126639321444999871e-04 7.864812994565194629e-03
2.545227897149996750e+02 6.008437318939998523e-02 -1.545033787772149940e-03 6.053116977039994101e-02 -1.826448885392552637e-02 -1.246010207506608554e-04 9.200947339931302843e-03
2.572234190400005218e+02 6.023488739559996336e-02 -1.188100962350800921e-03 6.077478918640000921e-02 -1.931249651435100467e-02 3.627966654109895201e-04 8.624788049697405465e-03
2.599240946360000066e+02 6.017284203200005260e-02 -1.104690207131608709e-03 6.129147447879997046e-02 -1.957055190636399628e-02 -6.817281526770994134e-04 7.823590011145242773e-03
2.626245165970000812e+02 6.012402419760001088e-02 -1.005317503991800263e-03 6.153967804680000875e-02 4.755890988152979611e-04 -1.371242677663292073e-04 2.755704919830060176e-02
2.653256436809996330e+02 6.006292388290006973e-02 -1.227877924834199289e-03 6.159192242820007990e-02 9.167922398927991342e-04 1.428023649622400630e-03 2.919980349080029611e-02
2.680262502099998869e+02 6.030313273399998120e-02 -9.090956611028295532e-04 6.154309916929997376e-02 6.478491559695015662e-04 3.156659734747396199e-03 2.952988416566663249e-02
